<?xml version="1.0" encoding="UTF-8"?>
<!-- Generated by org.testng.reporters.JUnitXMLReporter -->
<testsuite ignored="7" hostname="DESKTOP-V0PE4ET" failures="2" tests="2" name="LoginOneTest" time="20.792" errors="0" timestamp="2023-02-09T20:32:19 IST">
  <testcase classname="com.TN.Test.RegisterTest" name="verifyRegisteringAnAccountWithAllFields" time="0.502">
    <failure type="org.openqa.selenium.ElementNotInteractableException" message="element not interactable
  (Session info: chrome=109.0.5414.120)
Build info: version: &amp;apos;4.8.0&amp;apos;, revision: &amp;apos;267030adea&amp;apos;
System info: os.name: &amp;apos;Windows 10&amp;apos;, os.arch: &amp;apos;amd64&amp;apos;, os.version: &amp;apos;10.0&amp;apos;, java.version: &amp;apos;17.0.5&amp;apos;
Driver info: org.openqa.selenium.chrome.ChromeDriver
Command: [95cd6e24c140dc7bc510eba70ceb5527, clickElement {id=7253688e-075b-442a-9140-52d99157e206}]
Capabilities {acceptInsecureCerts: false, browserName: chrome, browserVersion: 109.0.5414.120, chrome: {chromedriverVersion: 109.0.5414.74 (e7c5703604da..., userDataDir: C:\Users\NASIRK~1\AppData\L...}, goog:chromeOptions: {debuggerAddress: localhost:50999}, networkConnectionEnabled: false, pageLoadStrategy: normal, platformName: WINDOWS, proxy: Proxy(), se:cdp: ws://localhost:50999/devtoo..., se:cdpVersion: 109.0.5414.120, setWindowRect: true, strictFileInteractability: false, timeouts: {implicit: 0, pageLoad: 300000, script: 30000}, unhandledPromptBehavior: dismiss and notify, webauthn:extension:credBlob: true, webauthn:extension:largeBlob: true, webauthn:virtualAuthenticators: true}
Element: [[ChromeDriver: chrome on WINDOWS (95cd6e24c140dc7bc510eba70ceb5527)] -&amp;gt; xpath: //*[@id=&amp;quot;top-links&amp;quot;]/ul/li[2]/ul/li[1]/a]
Session ID: 95cd6e24c140dc7bc510eba70ceb5527">
      <![CDATA[org.openqa.selenium.ElementNotInteractableException: element not interactable
  (Session info: chrome=109.0.5414.120)
Build info: version: '4.8.0', revision: '267030adea'
System info: os.name: 'Windows 10', os.arch: 'amd64', os.version: '10.0', java.version: '17.0.5'
Driver info: org.openqa.selenium.chrome.ChromeDriver
Command: [95cd6e24c140dc7bc510eba70ceb5527, clickElement {id=7253688e-075b-442a-9140-52d99157e206}]
Capabilities {acceptInsecureCerts: false, browserName: chrome, browserVersion: 109.0.5414.120, chrome: {chromedriverVersion: 109.0.5414.74 (e7c5703604da..., userDataDir: C:\Users\NASIRK~1\AppData\L...}, goog:chromeOptions: {debuggerAddress: localhost:50999}, networkConnectionEnabled: false, pageLoadStrategy: normal, platformName: WINDOWS, proxy: Proxy(), se:cdp: ws://localhost:50999/devtoo..., se:cdpVersion: 109.0.5414.120, setWindowRect: true, strictFileInteractability: false, timeouts: {implicit: 0, pageLoad: 300000, script: 30000}, unhandledPromptBehavior: dismiss and notify, webauthn:extension:credBlob: true, webauthn:extension:largeBlob: true, webauthn:virtualAuthenticators: true}
Element: [[ChromeDriver: chrome on WINDOWS (95cd6e24c140dc7bc510eba70ceb5527)] -> xpath: //*[@id="top-links"]/ul/li[2]/ul/li[1]/a]
Session ID: 95cd6e24c140dc7bc510eba70ceb5527
at org.openqa.selenium.remote.codec.w3c.W3CHttpResponseCodec.createException(W3CHttpResponseCodec.java:200)
at org.openqa.selenium.remote.codec.w3c.W3CHttpResponseCodec.decode(W3CHttpResponseCodec.java:133)
at org.openqa.selenium.remote.codec.w3c.W3CHttpResponseCodec.decode(W3CHttpResponseCodec.java:53)
at org.openqa.selenium.remote.HttpCommandExecutor.execute(HttpCommandExecutor.java:184)
at org.openqa.selenium.remote.service.DriverCommandExecutor.invokeExecute(DriverCommandExecutor.java:167)
at org.openqa.selenium.remote.service.DriverCommandExecutor.execute(DriverCommandExecutor.java:142)
at org.openqa.selenium.remote.RemoteWebDriver.execute(RemoteWebDriver.java:543)
at org.openqa.selenium.remote.RemoteWebElement.execute(RemoteWebElement.java:257)
at org.openqa.selenium.remote.RemoteWebElement.click(RemoteWebElement.java:78)
at com.TN.Object.HomePage.clickOnRegisterOption(HomePage.java:28)
at com.TN.Test.RegisterTest.verifyRegisteringAnAccountWithAllFields(RegisterTest.java:46)
at java.base/java.util.concurrent.ThreadPoolExecutor.runWorker(ThreadPoolExecutor.java:1136)
at java.base/java.util.concurrent.ThreadPoolExecutor$Worker.run(ThreadPoolExecutor.java:635)
at java.base/java.lang.Thread.run(Thread.java:833)
... Removed 17 stack frames]]>
    </failure>
  </testcase> <!-- verifyRegisteringAnAccountWithAllFields -->
  <testcase classname="com.TN.Test.LoginTest" name="verifyLoggingWithValidCredentails" time="1.038">
    <failure type="org.openqa.selenium.ElementNotInteractableException" message="element not interactable
  (Session info: chrome=109.0.5414.120)
Build info: version: &amp;apos;4.8.0&amp;apos;, revision: &amp;apos;267030adea&amp;apos;
System info: os.name: &amp;apos;Windows 10&amp;apos;, os.arch: &amp;apos;amd64&amp;apos;, os.version: &amp;apos;10.0&amp;apos;, java.version: &amp;apos;17.0.5&amp;apos;
Driver info: org.openqa.selenium.chrome.ChromeDriver
Command: [95cd6e24c140dc7bc510eba70ceb5527, clickElement {id=b79bace4-bf77-43fb-b491-43fd0db87518}]
Capabilities {acceptInsecureCerts: false, browserName: chrome, browserVersion: 109.0.5414.120, chrome: {chromedriverVersion: 109.0.5414.74 (e7c5703604da..., userDataDir: C:\Users\NASIRK~1\AppData\L...}, goog:chromeOptions: {debuggerAddress: localhost:50999}, networkConnectionEnabled: false, pageLoadStrategy: normal, platformName: WINDOWS, proxy: Proxy(), se:cdp: ws://localhost:50999/devtoo..., se:cdpVersion: 109.0.5414.120, setWindowRect: true, strictFileInteractability: false, timeouts: {implicit: 0, pageLoad: 300000, script: 30000}, unhandledPromptBehavior: dismiss and notify, webauthn:extension:credBlob: true, webauthn:extension:largeBlob: true, webauthn:virtualAuthenticators: true}
Element: [[ChromeDriver: chrome on WINDOWS (95cd6e24c140dc7bc510eba70ceb5527)] -&amp;gt; xpath: //*[@id=&amp;quot;top-links&amp;quot;]/ul/li[2]/ul/li[2]/a]
Session ID: 95cd6e24c140dc7bc510eba70ceb5527">
      <![CDATA[org.openqa.selenium.ElementNotInteractableException: element not interactable
  (Session info: chrome=109.0.5414.120)
Build info: version: '4.8.0', revision: '267030adea'
System info: os.name: 'Windows 10', os.arch: 'amd64', os.version: '10.0', java.version: '17.0.5'
Driver info: org.openqa.selenium.chrome.ChromeDriver
Command: [95cd6e24c140dc7bc510eba70ceb5527, clickElement {id=b79bace4-bf77-43fb-b491-43fd0db87518}]
Capabilities {acceptInsecureCerts: false, browserName: chrome, browserVersion: 109.0.5414.120, chrome: {chromedriverVersion: 109.0.5414.74 (e7c5703604da..., userDataDir: C:\Users\NASIRK~1\AppData\L...}, goog:chromeOptions: {debuggerAddress: localhost:50999}, networkConnectionEnabled: false, pageLoadStrategy: normal, platformName: WINDOWS, proxy: Proxy(), se:cdp: ws://localhost:50999/devtoo..., se:cdpVersion: 109.0.5414.120, setWindowRect: true, strictFileInteractability: false, timeouts: {implicit: 0, pageLoad: 300000, script: 30000}, unhandledPromptBehavior: dismiss and notify, webauthn:extension:credBlob: true, webauthn:extension:largeBlob: true, webauthn:virtualAuthenticators: true}
Element: [[ChromeDriver: chrome on WINDOWS (95cd6e24c140dc7bc510eba70ceb5527)] -> xpath: //*[@id="top-links"]/ul/li[2]/ul/li[2]/a]
Session ID: 95cd6e24c140dc7bc510eba70ceb5527
at org.openqa.selenium.remote.codec.w3c.W3CHttpResponseCodec.createException(W3CHttpResponseCodec.java:200)
at org.openqa.selenium.remote.codec.w3c.W3CHttpResponseCodec.decode(W3CHttpResponseCodec.java:133)
at org.openqa.selenium.remote.codec.w3c.W3CHttpResponseCodec.decode(W3CHttpResponseCodec.java:53)
at org.openqa.selenium.remote.HttpCommandExecutor.execute(HttpCommandExecutor.java:184)
at org.openqa.selenium.remote.service.DriverCommandExecutor.invokeExecute(DriverCommandExecutor.java:167)
at org.openqa.selenium.remote.service.DriverCommandExecutor.execute(DriverCommandExecutor.java:142)
at org.openqa.selenium.remote.RemoteWebDriver.execute(RemoteWebDriver.java:543)
at org.openqa.selenium.remote.RemoteWebElement.execute(RemoteWebElement.java:257)
at org.openqa.selenium.remote.RemoteWebElement.click(RemoteWebElement.java:78)
at com.TN.Object.HomePage.clickOnLoginOption(HomePage.java:34)
at com.TN.Test.LoginTest.verifyLoggingWithValidCredentails(LoginTest.java:19)
at java.base/java.util.concurrent.ThreadPoolExecutor.runWorker(ThreadPoolExecutor.java:1136)
at java.base/java.util.concurrent.ThreadPoolExecutor$Worker.run(ThreadPoolExecutor.java:635)
at java.base/java.lang.Thread.run(Thread.java:833)
... Removed 17 stack frames]]>
    </failure>
  </testcase> <!-- verifyLoggingWithValidCredentails -->
  <testcase classname="com.TN.Test.LoginTest" name="verifyLoggingWithInValidEmailAndValidPasswod" time="0.0">
    <ignored/>
  </testcase> <!-- verifyLoggingWithInValidEmailAndValidPasswod -->
  <testcase classname="com.TN.Test.RegisterTest" name="verifyWarningMassagesDisplayedForMandatoryFields" time="0.0">
    <ignored/>
  </testcase> <!-- verifyWarningMassagesDisplayedForMandatoryFields -->
  <testcase classname="com.TN.Test.LoginTest" name="verifyLoggingWithInValidCredentials" time="0.0">
    <ignored/>
  </testcase> <!-- verifyLoggingWithInValidCredentials -->
  <testcase classname="com.TN.Test.LoginTest" name="verifyLoggingWithoutCredentials" time="0.0">
    <ignored/>
  </testcase> <!-- verifyLoggingWithoutCredentials -->
  <testcase classname="com.TN.Test.LoginTest" name="verifyForgottenPasswordLinkAvailableAndWorking" time="0.0">
    <ignored/>
  </testcase> <!-- verifyForgottenPasswordLinkAvailableAndWorking -->
  <testcase classname="com.TN.Test.RegisterTest" name="verifyRegisteringAnAccountWithMandatoryFields" time="0.0">
    <ignored/>
  </testcase> <!-- verifyRegisteringAnAccountWithMandatoryFields -->
  <testcase classname="com.TN.Test.LoginTest" name="verifyLoggingWithValidEmailAndInValidPasswod" time="0.0">
    <ignored/>
  </testcase> <!-- verifyLoggingWithValidEmailAndInValidPasswod -->
</testsuite> <!-- LoginOneTest -->
